<?xml version="1.0" encoding="UTF-8"?>
<!-- Generated by org.testng.reporters.JUnitReportReporter -->
<testsuite skipped="0" hostname="DESKTOP-0TNIK9E" name="com.learnautomation.testcases.LoginTestCRM" tests="1" failures="0" timestamp="09 Mar 2019 11:11:59 GMT" time="10.028" errors="0">
  <testcase name="loginApp" time="10.028" classname="com.learnautomation.testcases.LoginTestCRM"/>
</testsuite> <!-- com.learnautomation.testcases.LoginTestCRM -->
